WARNING: You are currently using Node.js v24.14.0, which is not supported by Hardhat. This can lead to unexpected behavior. See https://hardhat.org/nodejs-versions


Started HTTP and WebSocket JSON-RPC server at http://127.0.0.1:8545/

Accounts
========

WARNING: These accounts, and their private keys, are publicly known.
Any funds sent to them on Mainnet or any other live network WILL BE LOST.

Account #0: 0xf39Fd6e51aad88F6F4ce6aB8827279cffFb92266 (10000 ETH)
Private Key: 0xac0974bec39a17e36ba4a6b4d238ff944bacb478cbed5efcae784d7bf4f2ff80

Account #1: 0x70997970C51812dc3A010C7d01b50e0d17dc79C8 (10000 ETH)
Private Key: 0x59c6995e998f97a5a0044966f0945389dc9e86dae88c7a8412f4603b6b78690d

Account #2: 0x3C44CdDdB6a900fa2b585dd299e03d12FA4293BC (10000 ETH)
Private Key: 0x5de4111afa1a4b94908f83103eb1f1706367c2e68ca870fc3fb9a804cdab365a

Account #3: 0x90F79bf6EB2c4f870365E785982E1f101E93b906 (10000 ETH)
Private Key: 0x7c852118294e51e653712a81e05800f419141751be58f605c371e15141b007a6

Account #4: 0x15d34AAf54267DB7D7c367839AAf71A00a2C6A65 (10000 ETH)
Private Key: 0x47e179ec197488593b187f80a00eb0da91f1b9d0b13f8733639f19c30a34926a

Account #5: 0x9965507D1a55bcC2695C58ba16FB37d819B0A4dc (10000 ETH)
Private Key: 0x8b3a350cf5c34c9194ca85829a2df0ec3153be0318b5e2d3348e872092edffba

Account #6: 0x976EA74026E726554dB657fA54763abd0C3a0aa9 (10000 ETH)
Private Key: 0x92db14e403b83dfe3df233f83dfa3a0d7096f21ca9b0d6d6b8d88b2b4ec1564e

Account #7: 0x14dC79964da2C08b23698B3D3cc7Ca32193d9955 (10000 ETH)
Private Key: 0x4bbbf85ce3377467afe5d46f804f221813b2bb87f24d81f60f1fcdbf7cbf4356

Account #8: 0x23618e81E3f5cdF7f54C3d65f7FBc0aBf5B21E8f (10000 ETH)
Private Key: 0xdbda1821b80551c9d65939329250298aa3472ba22feea921c0cf5d620ea67b97

Account #9: 0xa0Ee7A142d267C1f36714E4a8F75612F20a79720 (10000 ETH)
Private Key: 0x2a871d0798f97d79848a013d4936a73bf4cc922c825d33c1cf7073dff6d409c6

Account #10: 0xBcd4042DE499D14e55001CcbB24a551F3b954096 (10000 ETH)
Private Key: 0xf214f2b2cd398c806f84e317254e0f0b801d0643303237d97a22a48e01628897

Account #11: 0x71bE63f3384f5fb98995898A86B02Fb2426c5788 (10000 ETH)
Private Key: 0x701b615bbdfb9de65240bc28bd21bbc0d996645a3dd57e7b12bc2bdf6f192c82

Account #12: 0xFABB0ac9d68B0B445fB7357272Ff202C5651694a (10000 ETH)
Private Key: 0xa267530f49f8280200edf313ee7af6b827f2a8bce2897751d06a843f644967b1

Account #13: 0x1CBd3b2770909D4e10f157cABC84C7264073C9Ec (10000 ETH)
Private Key: 0x47c99abed3324a2707c28affff1267e45918ec8c3f20b8aa892e8b065d2942dd

Account #14: 0xdF3e18d64BC6A983f673Ab319CCaE4f1a57C7097 (10000 ETH)
Private Key: 0xc526ee95bf44d8fc405a158bb884d9d1238d99f0612e9f33d006bb0789009aaa

Account #15: 0xcd3B766CCDd6AE721141F452C550Ca635964ce71 (10000 ETH)
Private Key: 0x8166f546bab6da521a8369cab06c5d2b9e46670292d85c875ee9ec20e84ffb61

Account #16: 0x2546BcD3c84621e976D8185a91A922aE77ECEc30 (10000 ETH)
Private Key: 0xea6c44ac03bff858b476bba40716402b03e41b8e97e276d1baec7c37d42484a0

Account #17: 0xbDA5747bFD65F08deb54cb465eB87D40e51B197E (10000 ETH)
Private Key: 0x689af8efa8c651a91ad287602527f3af2fe9f6501a7ac4b061667b5a93e037fd

Account #18: 0xdD2FD4581271e230360230F9337D5c0430Bf44C0 (10000 ETH)
Private Key: 0xde9be858da4a475276426320d5e9262ecfc3ba460bfac56360bfa6c4c28b4ee0

Account #19: 0x8626f6940E2eb28930eFb4CeF49B2d1F2C9C1199 (10000 ETH)
Private Key: 0xdf57089febbacf7ba0bc227dafbffa9fc08a93fdc68e1e42411a14efcf23656e

WARNING: These accounts, and their private keys, are publicly known.
Any funds sent to them on Mainnet or any other live network WILL BE LOST.

[32meth_accounts[0m
[32mhardhat_metadata[0m
[32mhardhat_metadata (2)[0m
[32mhardhat_metadata (3)[0m
[32mhardhat_metadata (4)[0m
[32mhardhat_metadata (5)[0m
[32mhardhat_metadata (6)[0m
[32mhardhat_metadata (7)[0m
[32mhardhat_metadata (8)[0m
[32mhardhat_metadata (9)[0m
[32mhardhat_metadata (10)[0m
[32mhardhat_metadata (11)[0m
[32mhardhat_metadata (12)[0m
[32mhardhat_metadata (13)[0m
[32mhardhat_metadata (14)[0m
[32mhardhat_metadata (15)[0m
[32mhardhat_metadata (16)[0m
[32mhardhat_metadata (17)[0m
[32mhardhat_metadata (18)[0m
[32mhardhat_metadata (19)[0m
[32mhardhat_metadata (20)[0m
[32meth_blockNumber[0m
[32meth_getBlockByNumber[0m
[32meth_feeHistory[0m
[31meth_maxPriorityFeePerGas - Method not supported[0m
[32meth_sendTransaction[0m
  Contract deployment: Voting
  Contract address:    0x5fbdb2315678afecb367f032d93f642f64180aa3
  Transaction:         0x0fb59ceb713cc6f3a32927965bf2b17e874cf6266949a579f0a3cede489fd59c
  From:                0xf39fd6e51aad88f6f4ce6ab8827279cfffb92266
  Value:               0 ETH
  Gas used:            2198403 of 16777216
  Block #1:            0x5363dfa9e0ae505b2257b93ef79ad503b341751bc42b8850613f92c9d127b727

[32meth_getTransactionByHash[0m
[32meth_getTransactionReceipt[0m
[32mweb3_clientVersion[0m
[32meth_accounts[0m
[32meth_accounts (2)[0m
[32meth_chainId[0m
[32meth_accounts[0m
[32meth_call[0m
  WARNING: Calling an account which is not a contract
  From:                0xf39fd6e51aad88f6f4ce6ab8827279cfffb92266
  To:                  0x2279b7a0a67db372996a5fab50d91eaa73d2ebe6

[32meth_chainId[0m
[32meth_getCode[0m
[32meth_chainId[0m
[32meth_call[0m
  WARNING: Calling an account which is not a contract
  From:                0xf39fd6e51aad88f6f4ce6ab8827279cfffb92266
  To:                  0x2279b7a0a67db372996a5fab50d91eaa73d2ebe6

[32meth_chainId[0m
[32meth_getCode[0m
[32meth_accounts[0m
[32mhardhat_metadata[0m
[32mhardhat_metadata (2)[0m
[32mhardhat_metadata (3)[0m
[32mhardhat_metadata (4)[0m
[32mhardhat_metadata (5)[0m
[32mhardhat_metadata (6)[0m
[32mhardhat_metadata (7)[0m
[32mhardhat_metadata (8)[0m
[32mhardhat_metadata (9)[0m
[32mhardhat_metadata (10)[0m
[32mhardhat_metadata (11)[0m
[32mhardhat_metadata (12)[0m
[32mhardhat_metadata (13)[0m
[32mhardhat_metadata (14)[0m
[32mhardhat_metadata (15)[0m
[32mhardhat_metadata (16)[0m
[32mhardhat_metadata (17)[0m
[32mhardhat_metadata (18)[0m
[32mhardhat_metadata (19)[0m
[32mhardhat_metadata (20)[0m
[32meth_blockNumber[0m
[32meth_getBlockByNumber[0m
[32meth_feeHistory[0m
[32meth_sendTransaction[0m
  Contract deployment: Voting
  Contract address:    0xe7f1725e7734ce288f8367e1bb143e90bb3f0512
  Transaction:         0xb04c475b2581bdec65e7e269995ae02ba07783ca0ae015093b863a2eb5789922
  From:                0xf39fd6e51aad88f6f4ce6ab8827279cfffb92266
  Value:               0 ETH
  Gas used:            2198403 of 16777216
  Block #2:            0x3f8452619e7ee4576abfdac1c716e0d22e00e0888fa3919855f0c8d8bc58c22a

[32meth_getTransactionByHash[0m
[32meth_getTransactionReceipt[0m
[32mweb3_clientVersion[0m
[32meth_accounts[0m
[32meth_accounts (2)[0m
[32meth_getBlockByNumber[0m
[32meth_chainId[0m
[32meth_chainId (2)[0m
[32meth_estimateGas[0m
[32meth_chainId[0m
[32meth_getBlockByNumber[0m
[32meth_getBlockByNumber (2)[0m
[32meth_feeHistory[0m
[32meth_sendTransaction[0m
  Transaction:         0xc1bb1481adc3a77b12b5d52c601ec98c51d0f3a807b9a149da20d615d1a53afa
  From:                0xf39fd6e51aad88f6f4ce6ab8827279cfffb92266
  To:                  0x2279b7a0a67db372996a5fab50d91eaa73d2ebe6
  Value:               0 ETH
  Gas used:            23520 of 123521
  Block #3:            0xd88f47a65b1c0873550344ef213658bf8e04fbef2749bc5623970490318fba37

[32meth_chainId[0m
[32meth_getTransactionReceipt[0m
[32meth_chainId[0m
[32meth_call[0m
  WARNING: Calling an account which is not a contract
  From:                0xf39fd6e51aad88f6f4ce6ab8827279cfffb92266
  To:                  0x2279b7a0a67db372996a5fab50d91eaa73d2ebe6

[32meth_chainId[0m
[32meth_getCode[0m
[32meth_chainId[0m
[32meth_call[0m
  WARNING: Calling an account which is not a contract
  From:                0xf39fd6e51aad88f6f4ce6ab8827279cfffb92266
  To:                  0x2279b7a0a67db372996a5fab50d91eaa73d2ebe6

[32meth_chainId[0m
[32meth_getCode[0m
[32meth_accounts[0m
[32mhardhat_metadata[0m
[32mhardhat_metadata (2)[0m
[32mhardhat_metadata (3)[0m
[32mhardhat_metadata (4)[0m
[32mhardhat_metadata (5)[0m
[32mhardhat_metadata (6)[0m
[32mhardhat_metadata (7)[0m
[32mhardhat_metadata (8)[0m
[32mhardhat_metadata (9)[0m
[32mhardhat_metadata (10)[0m
[32mhardhat_metadata (11)[0m
[32mhardhat_metadata (12)[0m
[32mhardhat_metadata (13)[0m
[32mhardhat_metadata (14)[0m
[32mhardhat_metadata (15)[0m
[32mhardhat_metadata (16)[0m
[32mhardhat_metadata (17)[0m
[32mhardhat_metadata (18)[0m
[32mhardhat_metadata (19)[0m
[32mhardhat_metadata (20)[0m
[32meth_blockNumber[0m
[32meth_getBlockByNumber[0m
[32meth_feeHistory[0m
[32meth_sendTransaction[0m
  Contract deployment: Voting
  Contract address:    0xcf7ed3acca5a467e9e704c703e8d87f634fb0fc9
  Transaction:         0xe5124179e39fb86d55bd504cfb94830877e9e19b96480543e46c9e152597db4d
  From:                0xf39fd6e51aad88f6f4ce6ab8827279cfffb92266
  Value:               0 ETH
  Gas used:            2198403 of 16777216
  Block #4:            0xd297f944f770b12a79216fb06d09624b78d6223e5b0015ddf4e6e419437758f1

[32meth_getTransactionByHash[0m
[32meth_getTransactionReceipt[0m
[32mweb3_clientVersion[0m
[32meth_accounts[0m
[32meth_accounts (2)[0m
[32meth_chainId[0m
[32meth_call[0m
  WARNING: Calling an account which is not a contract
  From:                0xf39fd6e51aad88f6f4ce6ab8827279cfffb92266
  To:                  0x2279b7a0a67db372996a5fab50d91eaa73d2ebe6

[32meth_chainId[0m
[32meth_getCode[0m
[32meth_chainId[0m
[32meth_call[0m
  WARNING: Calling an account which is not a contract
  From:                0xf39fd6e51aad88f6f4ce6ab8827279cfffb92266
  To:                  0x2279b7a0a67db372996a5fab50d91eaa73d2ebe6

[32meth_chainId[0m
[32meth_getCode[0m
[32meth_chainId[0m
[32meth_call[0m
  WARNING: Calling an account which is not a contract
  From:                0xf39fd6e51aad88f6f4ce6ab8827279cfffb92266
  To:                  0x2279b7a0a67db372996a5fab50d91eaa73d2ebe6

[32meth_chainId[0m
[32meth_getCode[0m
[32meth_chainId[0m
[32meth_call[0m
  WARNING: Calling an account which is not a contract
  From:                0xf39fd6e51aad88f6f4ce6ab8827279cfffb92266
  To:                  0x2279b7a0a67db372996a5fab50d91eaa73d2ebe6

[32meth_chainId[0m
[32meth_getCode[0m
[32meth_chainId[0m
[32meth_call[0m
  WARNING: Calling an account which is not a contract
  From:                0xf39fd6e51aad88f6f4ce6ab8827279cfffb92266
  To:                  0x2279b7a0a67db372996a5fab50d91eaa73d2ebe6

[32meth_chainId[0m
[32meth_getCode[0m
[32meth_getBlockByNumber[0m
[32meth_chainId[0m
[32meth_chainId (2)[0m
[32meth_estimateGas[0m
[32meth_chainId[0m
[32meth_getBlockByNumber[0m
[32meth_feeHistory[0m
[32meth_sendTransaction[0m
  Transaction:         0xa7b21953c8ed51bd8d484a1e97607590b0855142ab1f04af85eb6093fdfd8a84
  From:                0xf39fd6e51aad88f6f4ce6ab8827279cfffb92266
  To:                  0x2279b7a0a67db372996a5fab50d91eaa73d2ebe6
  Value:               0 ETH
  Gas used:            24172 of 124173
  Block #5:            0x9c682bb34ec15d0f9e0971c8bbaa15e34d268a522177ae875aa53becce96f4d6

[32meth_chainId[0m
[32meth_getTransactionReceipt[0m
[32meth_chainId[0m
[32meth_call[0m
  WARNING: Calling an account which is not a contract
  From:                0xf39fd6e51aad88f6f4ce6ab8827279cfffb92266
  To:                  0x2279b7a0a67db372996a5fab50d91eaa73d2ebe6

[32meth_chainId[0m
[32meth_getCode[0m
[32meth_chainId[0m
[32meth_call[0m
  WARNING: Calling an account which is not a contract
  From:                0xf39fd6e51aad88f6f4ce6ab8827279cfffb92266
  To:                  0x2279b7a0a67db372996a5fab50d91eaa73d2ebe6

[32meth_chainId[0m
[32meth_getCode[0m
[32meth_chainId[0m
[32meth_call[0m
  WARNING: Calling an account which is not a contract
  From:                0xf39fd6e51aad88f6f4ce6ab8827279cfffb92266
  To:                  0x2279b7a0a67db372996a5fab50d91eaa73d2ebe6

[32meth_chainId[0m
[32meth_getCode[0m
[32meth_chainId[0m
[32meth_call[0m
  WARNING: Calling an account which is not a contract
  From:                0xf39fd6e51aad88f6f4ce6ab8827279cfffb92266
  To:                  0x2279b7a0a67db372996a5fab50d91eaa73d2ebe6

[32meth_chainId[0m
[32meth_getCode[0m
[32meth_chainId[0m
[32meth_call[0m
  WARNING: Calling an account which is not a contract
  From:                0xf39fd6e51aad88f6f4ce6ab8827279cfffb92266
  To:                  0x2279b7a0a67db372996a5fab50d91eaa73d2ebe6

[32meth_chainId[0m
[32meth_getCode[0m
[32meth_chainId[0m
[32meth_call[0m
  WARNING: Calling an account which is not a contract
  From:                0xf39fd6e51aad88f6f4ce6ab8827279cfffb92266
  To:                  0x2279b7a0a67db372996a5fab50d91eaa73d2ebe6

[32meth_chainId[0m
[32meth_getCode[0m
[32meth_chainId[0m
[32meth_call[0m
  WARNING: Calling an account which is not a contract
  From:                0xf39fd6e51aad88f6f4ce6ab8827279cfffb92266
  To:                  0x2279b7a0a67db372996a5fab50d91eaa73d2ebe6

[32meth_chainId[0m
[32meth_getCode[0m
[32meth_getBlockByNumber[0m
[32meth_chainId[0m
[32meth_chainId (2)[0m
[32meth_estimateGas[0m
[32meth_chainId[0m
[32meth_getBlockByNumber[0m
[32meth_feeHistory[0m
[32meth_sendTransaction[0m
  Transaction:         0x32baba862c2f204fe3ef28c7e9ffee3abb71dd49582f38913bb5740f56ac17ea
  From:                0xf39fd6e51aad88f6f4ce6ab8827279cfffb92266
  To:                  0x2279b7a0a67db372996a5fab50d91eaa73d2ebe6
  Value:               0 ETH
  Gas used:            24076 of 124077
  Block #6:            0x0b6059bc6b2903e3bec37ab82e4f5bbc1256bd2a8db0af2a30ad9102d1e6b7b5

[32meth_chainId[0m
[32meth_getTransactionReceipt[0m
[32meth_chainId[0m
[32meth_call[0m
  WARNING: Calling an account which is not a contract
  From:                0xf39fd6e51aad88f6f4ce6ab8827279cfffb92266
  To:                  0x2279b7a0a67db372996a5fab50d91eaa73d2ebe6

[32meth_chainId[0m
[32meth_getCode[0m
[32meth_chainId[0m
[32meth_call[0m
  WARNING: Calling an account which is not a contract
  From:                0xf39fd6e51aad88f6f4ce6ab8827279cfffb92266
  To:                  0x2279b7a0a67db372996a5fab50d91eaa73d2ebe6

[32meth_chainId[0m
[32meth_getCode[0m
[32meth_getBlockByNumber[0m
[32meth_chainId[0m
[32meth_chainId (2)[0m
[32meth_estimateGas[0m
[32meth_chainId[0m
[32meth_getBlockByNumber[0m
[32meth_feeHistory[0m
[32meth_sendTransaction[0m
  Transaction:         0x03ad5c12236746fb048147c6c43f6049a2ab55d30688ebb1407b29ed4cbb44c3
  From:                0xf39fd6e51aad88f6f4ce6ab8827279cfffb92266
  To:                  0x2279b7a0a67db372996a5fab50d91eaa73d2ebe6
  Value:               0 ETH
  Gas used:            24076 of 124077
  Block #7:            0xe186c28e057ad8fa03b3f5f5f1708b9c7f3147cb1976c5cc50a2fa8b116f3cd5

[32meth_chainId[0m
[32meth_getTransactionReceipt[0m
[32meth_chainId[0m
[32meth_call[0m
  WARNING: Calling an account which is not a contract
  From:                0xf39fd6e51aad88f6f4ce6ab8827279cfffb92266
  To:                  0x2279b7a0a67db372996a5fab50d91eaa73d2ebe6

[32meth_chainId[0m
[32meth_getCode[0m
[32meth_chainId[0m
[32meth_call[0m
  WARNING: Calling an account which is not a contract
  From:                0xf39fd6e51aad88f6f4ce6ab8827279cfffb92266
  To:                  0x2279b7a0a67db372996a5fab50d91eaa73d2ebe6

[32meth_chainId[0m
[32meth_getCode[0m
[32meth_chainId[0m
[32meth_call[0m
  WARNING: Calling an account which is not a contract
  From:                0xf39fd6e51aad88f6f4ce6ab8827279cfffb92266
  To:                  0x2279b7a0a67db372996a5fab50d91eaa73d2ebe6

[32meth_chainId[0m
[32meth_getCode[0m
[32meth_chainId[0m
[32meth_call[0m
  WARNING: Calling an account which is not a contract
  From:                0xf39fd6e51aad88f6f4ce6ab8827279cfffb92266
  To:                  0x2279b7a0a67db372996a5fab50d91eaa73d2ebe6

[32meth_chainId[0m
[32meth_getCode[0m
[32meth_chainId[0m
[32meth_call[0m
  WARNING: Calling an account which is not a contract
  From:                0xf39fd6e51aad88f6f4ce6ab8827279cfffb92266
  To:                  0x2279b7a0a67db372996a5fab50d91eaa73d2ebe6

[32meth_chainId[0m
[32meth_getCode[0m
[32meth_accounts[0m
[32mhardhat_metadata[0m
[32mhardhat_metadata (2)[0m
[32mhardhat_metadata (3)[0m
[32mhardhat_metadata (4)[0m
[32mhardhat_metadata (5)[0m
[32mhardhat_metadata (6)[0m
[32mhardhat_metadata (7)[0m
[32mhardhat_metadata (8)[0m
[32mhardhat_metadata (9)[0m
[32mhardhat_metadata (10)[0m
[32mhardhat_metadata (11)[0m
[32mhardhat_metadata (12)[0m
[32mhardhat_metadata (13)[0m
[32mhardhat_metadata (14)[0m
[32mhardhat_metadata (15)[0m
[32mhardhat_metadata (16)[0m
[32mhardhat_metadata (17)[0m
[32mhardhat_metadata (18)[0m
[32mhardhat_metadata (19)[0m
[32mhardhat_metadata (20)[0m
[32meth_blockNumber[0m
[32meth_getBlockByNumber[0m
[32meth_feeHistory[0m
[32meth_sendTransaction[0m
  Contract deployment: Voting
  Contract address:    0xa513e6e4b8f2a923d98304ec87f64353c4d5c853
  Transaction:         0x63d9b07135f7e53564d0bb8fad3ffeb59a05ddf499f8a5d1bb47d55373cb7490
  From:                0xf39fd6e51aad88f6f4ce6ab8827279cfffb92266
  Value:               0 ETH
  Gas used:            2198403 of 16777216
  Block #8:            0xb95f272da771bf1f44548633ce69421e19f7472957507049ebee85d3f2df3f74

[32meth_getTransactionByHash[0m
[32meth_getTransactionReceipt[0m
[32mweb3_clientVersion[0m
[32meth_accounts[0m
[32meth_accounts (2)[0m
[32meth_getBlockByNumber[0m
[32meth_chainId[0m
[32meth_chainId (2)[0m
[32meth_estimateGas[0m
[32meth_chainId[0m
[32meth_getBlockByNumber[0m
[32meth_feeHistory[0m
[32meth_sendTransaction[0m
  Transaction:         0xee82b08e85e27b50bdb905b5b0db236c17448434dfc26c816560c840a4fa34e5
  From:                0xf39fd6e51aad88f6f4ce6ab8827279cfffb92266
  To:                  0x2279b7a0a67db372996a5fab50d91eaa73d2ebe6
  Value:               0 ETH
  Gas used:            24516 of 124517
  Block #9:            0x90fd8d15e1ed035e2d0f9856abaebfb6c6a12470f272162133b828045e7b8cc6

[32meth_chainId[0m
[32meth_getTransactionReceipt[0m
[32meth_chainId[0m
[32meth_call[0m
  WARNING: Calling an account which is not a contract
  From:                0xf39fd6e51aad88f6f4ce6ab8827279cfffb92266
  To:                  0x2279b7a0a67db372996a5fab50d91eaa73d2ebe6

[32meth_chainId[0m
[32meth_getCode[0m
[32meth_getBlockByNumber[0m
[32meth_chainId[0m
[32meth_chainId (2)[0m
[32meth_estimateGas[0m
[32meth_chainId[0m
[32meth_getBlockByNumber[0m
[32meth_feeHistory[0m
[32meth_sendTransaction[0m
  Transaction:         0xdc57afbfe25dbd7f6d3e90e013ea69c75aebd432cec4cf9d96e052ca4bd57cf1
  From:                0xf39fd6e51aad88f6f4ce6ab8827279cfffb92266
  To:                  0x2279b7a0a67db372996a5fab50d91eaa73d2ebe6
  Value:               0 ETH
  Gas used:            24160 of 124161
  Block #10:           0x283a54ec1ccc2eebca4b40bf3c5046e6e423e9cbb86f9f99a4efba5aad6e267f

[32meth_chainId[0m
[32meth_getTransactionReceipt[0m
[32meth_accounts[0m
[32mhardhat_metadata[0m
[32mhardhat_metadata (2)[0m
[32mhardhat_metadata (3)[0m
[32mhardhat_metadata (4)[0m
[32mhardhat_metadata (5)[0m
[32mhardhat_metadata (6)[0m
[32mhardhat_metadata (7)[0m
[32mhardhat_metadata (8)[0m
[32mhardhat_metadata (9)[0m
[32mhardhat_metadata (10)[0m
[32mhardhat_metadata (11)[0m
[32mhardhat_metadata (12)[0m
[32mhardhat_metadata (13)[0m
[32mhardhat_metadata (14)[0m
[32mhardhat_metadata (15)[0m
[32mhardhat_metadata (16)[0m
[32mhardhat_metadata (17)[0m
[32mhardhat_metadata (18)[0m
[32mhardhat_metadata (19)[0m
[32mhardhat_metadata (20)[0m
[32meth_blockNumber[0m
[32meth_getBlockByNumber[0m
[32meth_feeHistory[0m
[32meth_sendTransaction[0m
  Contract deployment: Voting
  Contract address:    0x610178da211fef7d417bc0e6fed39f05609ad788
  Transaction:         0xc637b4bb1eece56fa40db99e55b47f3935f03717ab351841cfab2f9391365bb2
  From:                0xf39fd6e51aad88f6f4ce6ab8827279cfffb92266
  Value:               0 ETH
  Gas used:            2198403 of 16777216
  Block #11:           0x85017e911978fdb0d67e0f086d9c658d7509a3a2eead004c0bb47755065ab0ca

[32meth_getTransactionByHash[0m
[32meth_getTransactionReceipt[0m
[32mweb3_clientVersion[0m
[32meth_accounts[0m
[32meth_accounts (2)[0m
[32meth_getBlockByNumber[0m
[32meth_chainId[0m
[32meth_chainId (2)[0m
[32meth_estimateGas[0m
[32meth_chainId[0m
[32meth_getBlockByNumber[0m
[32meth_feeHistory[0m
[32meth_sendTransaction[0m
  Transaction:         0x163d057e7ecab4345c23b11d52d46389bc8d82bfab236239f32ef1ba7d7553a5
  From:                0xf39fd6e51aad88f6f4ce6ab8827279cfffb92266
  To:                  0x2279b7a0a67db372996a5fab50d91eaa73d2ebe6
  Value:               0 ETH
  Gas used:            24220 of 124221
  Block #12:           0xebb0cf0f4d4ad42c69ef5e283f7660e45f25e249f2e5f5c8b3e88fb8e5c3ccec

[32meth_chainId[0m
[32meth_getTransactionReceipt[0m
[32meth_chainId[0m
[32meth_call[0m
  WARNING: Calling an account which is not a contract
  From:                0xf39fd6e51aad88f6f4ce6ab8827279cfffb92266
  To:                  0x2279b7a0a67db372996a5fab50d91eaa73d2ebe6

[32meth_chainId[0m
[32meth_getCode[0m
[32meth_accounts[0m
[32mhardhat_metadata[0m
[32mhardhat_metadata (2)[0m
[32mhardhat_metadata (3)[0m
[32mhardhat_metadata (4)[0m
[32mhardhat_metadata (5)[0m
[32mhardhat_metadata (6)[0m
[32mhardhat_metadata (7)[0m
[32mhardhat_metadata (8)[0m
[32mhardhat_metadata (9)[0m
[32mhardhat_metadata (10)[0m
[32mhardhat_metadata (11)[0m
[32mhardhat_metadata (12)[0m
[32mhardhat_metadata (13)[0m
[32mhardhat_metadata (14)[0m
[32mhardhat_metadata (15)[0m
[32mhardhat_metadata (16)[0m
[32mhardhat_metadata (17)[0m
[32mhardhat_metadata (18)[0m
[32mhardhat_metadata (19)[0m
[32mhardhat_metadata (20)[0m
[32meth_blockNumber[0m
[32meth_getBlockByNumber[0m
[32meth_feeHistory[0m
[32meth_sendTransaction[0m
  Contract deployment: Voting
  Contract address:    0xa51c1fc2f0d1a1b8494ed1fe312d7c3a78ed91c0
  Transaction:         0x57a3e78e724372f73053b8c0680629ae3318087a907adb6b531a3d737bd3886f
  From:                0xf39fd6e51aad88f6f4ce6ab8827279cfffb92266
  Value:               0 ETH
  Gas used:            2198403 of 16777216
  Block #13:           0xe87d61ce2b2ae2273cb15fcb904140b88bb530fac8c329ddbe12a8da30c152bd

[32meth_getTransactionByHash[0m
[32meth_getTransactionReceipt[0m
[32mweb3_clientVersion[0m
[32meth_accounts[0m
[32meth_accounts (2)[0m
[32meth_accounts (3)[0m
[32mhardhat_metadata[0m
[32mhardhat_metadata (2)[0m
[32mhardhat_metadata (3)[0m
[32mhardhat_metadata (4)[0m
[32mhardhat_metadata (5)[0m
[32mhardhat_metadata (6)[0m
[32mhardhat_metadata (7)[0m
[32mhardhat_metadata (8)[0m
[32mhardhat_metadata (9)[0m
[32mhardhat_metadata (10)[0m
[32mhardhat_metadata (11)[0m
[32mhardhat_metadata (12)[0m
[32mhardhat_metadata (13)[0m
[32mhardhat_metadata (14)[0m
[32mhardhat_metadata (15)[0m
[32mhardhat_metadata (16)[0m
[32mhardhat_metadata (17)[0m
[32mhardhat_metadata (18)[0m
[32mhardhat_metadata (19)[0m
[32mhardhat_metadata (20)[0m
[32meth_blockNumber[0m
[32meth_getBlockByNumber[0m
[32meth_feeHistory[0m
[32meth_sendTransaction[0m
  Contract deployment: Voting
  Contract address:    0x0dcd1bf9a1b36ce34237eeafef220932846bcd82
  Transaction:         0xc8eb9362abf7c8aabb6f8ea2bc6be0c8490d366938f9c498ac0e7f3276b71b15
  From:                0xf39fd6e51aad88f6f4ce6ab8827279cfffb92266
  Value:               0 ETH
  Gas used:            2198403 of 16777216
  Block #14:           0xd64bf57dafe0b536052851fb7ffb3022838497de0e861751e506b1a1badcd8db

[32meth_getTransactionByHash[0m
[32meth_getTransactionReceipt[0m
[32mweb3_clientVersion[0m
[32meth_accounts[0m
[32meth_accounts (2)[0m
[32meth_getBlockByNumber[0m
[32meth_chainId[0m
[32meth_chainId (2)[0m
[32meth_estimateGas[0m
[32meth_chainId[0m
[32meth_getBlockByNumber[0m
[32meth_feeHistory[0m
[32meth_sendTransaction[0m
  Transaction:         0x7c70f9787e9524648c72a47a92bf85f9141a837f856dd688d7d634a7dff2623f
  From:                0xf39fd6e51aad88f6f4ce6ab8827279cfffb92266
  To:                  0x2279b7a0a67db372996a5fab50d91eaa73d2ebe6
  Value:               0 ETH
  Gas used:            23896 of 123897
  Block #15:           0x7f516a24d69ceb10cafe659e37b7407eb2281662d4616bd6717dcd0c665b0009

[32meth_chainId[0m
[32meth_getTransactionReceipt[0m
[32meth_chainId[0m
[32meth_call[0m
  WARNING: Calling an account which is not a contract
  From:                0xf39fd6e51aad88f6f4ce6ab8827279cfffb92266
  To:                  0x2279b7a0a67db372996a5fab50d91eaa73d2ebe6

[32meth_chainId[0m
[32meth_getCode[0m
[32meth_chainId[0m
[32meth_call[0m
  WARNING: Calling an account which is not a contract
  From:                0xf39fd6e51aad88f6f4ce6ab8827279cfffb92266
  To:                  0x2279b7a0a67db372996a5fab50d91eaa73d2ebe6

[32meth_chainId[0m
[32meth_getCode[0m
WARNING: You are currently using Node.js v24.14.0, which is not supported by Hardhat. This can lead to unexpected behavior. See https://hardhat.org/nodejs-versions


Started HTTP and WebSocket JSON-RPC server at http://127.0.0.1:8545/

Accounts
========

WARNING: These accounts, and their private keys, are publicly known.
Any funds sent to them on Mainnet or any other live network WILL BE LOST.

Account #0: 0xf39Fd6e51aad88F6F4ce6aB8827279cffFb92266 (10000 ETH)
Private Key: 0xac0974bec39a17e36ba4a6b4d238ff944bacb478cbed5efcae784d7bf4f2ff80

Account #1: 0x70997970C51812dc3A010C7d01b50e0d17dc79C8 (10000 ETH)
Private Key: 0x59c6995e998f97a5a0044966f0945389dc9e86dae88c7a8412f4603b6b78690d

Account #2: 0x3C44CdDdB6a900fa2b585dd299e03d12FA4293BC (10000 ETH)
Private Key: 0x5de4111afa1a4b94908f83103eb1f1706367c2e68ca870fc3fb9a804cdab365a

Account #3: 0x90F79bf6EB2c4f870365E785982E1f101E93b906 (10000 ETH)
Private Key: 0x7c852118294e51e653712a81e05800f419141751be58f605c371e15141b007a6

Account #4: 0x15d34AAf54267DB7D7c367839AAf71A00a2C6A65 (10000 ETH)
Private Key: 0x47e179ec197488593b187f80a00eb0da91f1b9d0b13f8733639f19c30a34926a

Account #5: 0x9965507D1a55bcC2695C58ba16FB37d819B0A4dc (10000 ETH)
Private Key: 0x8b3a350cf5c34c9194ca85829a2df0ec3153be0318b5e2d3348e872092edffba

Account #6: 0x976EA74026E726554dB657fA54763abd0C3a0aa9 (10000 ETH)
Private Key: 0x92db14e403b83dfe3df233f83dfa3a0d7096f21ca9b0d6d6b8d88b2b4ec1564e

Account #7: 0x14dC79964da2C08b23698B3D3cc7Ca32193d9955 (10000 ETH)
Private Key: 0x4bbbf85ce3377467afe5d46f804f221813b2bb87f24d81f60f1fcdbf7cbf4356

Account #8: 0x23618e81E3f5cdF7f54C3d65f7FBc0aBf5B21E8f (10000 ETH)
Private Key: 0xdbda1821b80551c9d65939329250298aa3472ba22feea921c0cf5d620ea67b97

Account #9: 0xa0Ee7A142d267C1f36714E4a8F75612F20a79720 (10000 ETH)
Private Key: 0x2a871d0798f97d79848a013d4936a73bf4cc922c825d33c1cf7073dff6d409c6

Account #10: 0xBcd4042DE499D14e55001CcbB24a551F3b954096 (10000 ETH)
Private Key: 0xf214f2b2cd398c806f84e317254e0f0b801d0643303237d97a22a48e01628897

Account #11: 0x71bE63f3384f5fb98995898A86B02Fb2426c5788 (10000 ETH)
Private Key: 0x701b615bbdfb9de65240bc28bd21bbc0d996645a3dd57e7b12bc2bdf6f192c82

Account #12: 0xFABB0ac9d68B0B445fB7357272Ff202C5651694a (10000 ETH)
Private Key: 0xa267530f49f8280200edf313ee7af6b827f2a8bce2897751d06a843f644967b1

Account #13: 0x1CBd3b2770909D4e10f157cABC84C7264073C9Ec (10000 ETH)
Private Key: 0x47c99abed3324a2707c28affff1267e45918ec8c3f20b8aa892e8b065d2942dd

Account #14: 0xdF3e18d64BC6A983f673Ab319CCaE4f1a57C7097 (10000 ETH)
Private Key: 0xc526ee95bf44d8fc405a158bb884d9d1238d99f0612e9f33d006bb0789009aaa

Account #15: 0xcd3B766CCDd6AE721141F452C550Ca635964ce71 (10000 ETH)
Private Key: 0x8166f546bab6da521a8369cab06c5d2b9e46670292d85c875ee9ec20e84ffb61

Account #16: 0x2546BcD3c84621e976D8185a91A922aE77ECEc30 (10000 ETH)
Private Key: 0xea6c44ac03bff858b476bba40716402b03e41b8e97e276d1baec7c37d42484a0

Account #17: 0xbDA5747bFD65F08deb54cb465eB87D40e51B197E (10000 ETH)
Private Key: 0x689af8efa8c651a91ad287602527f3af2fe9f6501a7ac4b061667b5a93e037fd

Account #18: 0xdD2FD4581271e230360230F9337D5c0430Bf44C0 (10000 ETH)
Private Key: 0xde9be858da4a475276426320d5e9262ecfc3ba460bfac56360bfa6c4c28b4ee0

Account #19: 0x8626f6940E2eb28930eFb4CeF49B2d1F2C9C1199 (10000 ETH)
Private Key: 0xdf57089febbacf7ba0bc227dafbffa9fc08a93fdc68e1e42411a14efcf23656e

WARNING: These accounts, and their private keys, are publicly known.
Any funds sent to them on Mainnet or any other live network WILL BE LOST.

[32meth_accounts[0m
[32mhardhat_metadata[0m
[32mhardhat_metadata (2)[0m
[32mhardhat_metadata (3)[0m
[32mhardhat_metadata (4)[0m
[32mhardhat_metadata (5)[0m
[32mhardhat_metadata (6)[0m
[32mhardhat_metadata (7)[0m
[32mhardhat_metadata (8)[0m
[32mhardhat_metadata (9)[0m
[32mhardhat_metadata (10)[0m
[32mhardhat_metadata (11)[0m
[32mhardhat_metadata (12)[0m
[32mhardhat_metadata (13)[0m
[32mhardhat_metadata (14)[0m
[32mhardhat_metadata (15)[0m
[32mhardhat_metadata (16)[0m
[32mhardhat_metadata (17)[0m
[32mhardhat_metadata (18)[0m
[32mhardhat_metadata (19)[0m
[32mhardhat_metadata (20)[0m
[32meth_blockNumber[0m
[32meth_getBlockByNumber[0m
[32meth_feeHistory[0m
[31meth_maxPriorityFeePerGas - Method not supported[0m
[32meth_sendTransaction[0m
  Contract deployment: Voting
  Contract address:    0x5fbdb2315678afecb367f032d93f642f64180aa3
  Transaction:         0x0fb59ceb713cc6f3a32927965bf2b17e874cf6266949a579f0a3cede489fd59c
  From:                0xf39fd6e51aad88f6f4ce6ab8827279cfffb92266
  Value:               0 ETH
  Gas used:            2198403 of 16777216
  Block #1:            0xdb1e00f5c145b5e5d98fdf8b4c5520dbc05ca5c81c24fc4e2683a04bc157aa88

[32meth_getTransactionByHash[0m
[32meth_getTransactionReceipt[0m
[32mweb3_clientVersion[0m
[32meth_accounts[0m
[32meth_accounts (2)[0m
[32meth_getBlockByNumber[0m
[32meth_chainId[0m
[32meth_chainId (2)[0m
[32meth_estimateGas[0m
[32meth_chainId[0m
[32meth_getBlockByNumber[0m
[32meth_getBlockByNumber (2)[0m
[32meth_feeHistory[0m
[32meth_sendTransaction[0m
  Transaction:         0xcc53217936196655e7705c0e0aabcd9ff8e439449d595497d8e409344ca24ab6
  From:                0xf39fd6e51aad88f6f4ce6ab8827279cfffb92266
  To:                  0x2279b7a0a67db372996a5fab50d91eaa73d2ebe6
  Value:               0 ETH
  Gas used:            23908 of 123909
  Block #2:            0x9d1cdd208ec577e45f8f143c3241df0e9814b440be4c2f73ee9eba1b54ab51e2

[32meth_chainId[0m
[32meth_getTransactionReceipt[0m
[32meth_chainId[0m
[32meth_accounts[0m
[32meth_call[0m
  WARNING: Calling an account which is not a contract
  From:                0xf39fd6e51aad88f6f4ce6ab8827279cfffb92266
  To:                  0x2279b7a0a67db372996a5fab50d91eaa73d2ebe6

[32meth_chainId[0m
[32meth_getCode[0m
[32meth_chainId[0m
[32meth_call[0m
  WARNING: Calling an account which is not a contract
  From:                0xf39fd6e51aad88f6f4ce6ab8827279cfffb92266
  To:                  0x2279b7a0a67db372996a5fab50d91eaa73d2ebe6

[32meth_chainId[0m
[32meth_getCode[0m
[32meth_chainId[0m
[32meth_call[0m
  WARNING: Calling an account which is not a contract
  From:                0xf39fd6e51aad88f6f4ce6ab8827279cfffb92266
  To:                  0x2279b7a0a67db372996a5fab50d91eaa73d2ebe6

[32meth_chainId[0m
[32meth_getCode[0m
[32meth_accounts[0m
[32mhardhat_metadata[0m
[32mhardhat_metadata (2)[0m
[32mhardhat_metadata (3)[0m
[32mhardhat_metadata (4)[0m
[32mhardhat_metadata (5)[0m
[32mhardhat_metadata (6)[0m
[32mhardhat_metadata (7)[0m
[32mhardhat_metadata (8)[0m
[32mhardhat_metadata (9)[0m
[32mhardhat_metadata (10)[0m
[32mhardhat_metadata (11)[0m
[32mhardhat_metadata (12)[0m
[32mhardhat_metadata (13)[0m
[32mhardhat_metadata (14)[0m
[32mhardhat_metadata (15)[0m
[32mhardhat_metadata (16)[0m
[32mhardhat_metadata (17)[0m
[32mhardhat_metadata (18)[0m
[32mhardhat_metadata (19)[0m
[32mhardhat_metadata (20)[0m
[32meth_blockNumber[0m
[32meth_getBlockByNumber[0m
[32meth_feeHistory[0m
[32meth_sendTransaction[0m
  Contract deployment: Voting
  Contract address:    0x9fe46736679d2d9a65f0992f2272de9f3c7fa6e0
  Transaction:         0x1e527ed587afc091516b80e42cabc1751247696abd55a6a3b782fe14aae14ab1
  From:                0xf39fd6e51aad88f6f4ce6ab8827279cfffb92266
  Value:               0 ETH
  Gas used:            2198403 of 16777216
  Block #3:            0x05f3e3149a17f4dd1dcde19cb58065aa8511cbb45a5619e471951753efefb555

[32meth_getTransactionByHash[0m
[32meth_getTransactionReceipt[0m
[32mweb3_clientVersion[0m
[32meth_accounts[0m
[32meth_accounts (2)[0m
[32meth_chainId[0m
[32meth_call[0m
  WARNING: Calling an account which is not a contract
  From:                0xf39fd6e51aad88f6f4ce6ab8827279cfffb92266
  To:                  0x2279b7a0a67db372996a5fab50d91eaa73d2ebe6

[32meth_chainId[0m
[32meth_getCode[0m
[32meth_chainId[0m
[32meth_call[0m
  WARNING: Calling an account which is not a contract
  From:                0xf39fd6e51aad88f6f4ce6ab8827279cfffb92266
  To:                  0x2279b7a0a67db372996a5fab50d91eaa73d2ebe6

[32meth_chainId[0m
[32meth_getCode[0m
[32meth_chainId[0m
[32meth_call[0m
  WARNING: Calling an account which is not a contract
  From:                0xf39fd6e51aad88f6f4ce6ab8827279cfffb92266
  To:                  0x2279b7a0a67db372996a5fab50d91eaa73d2ebe6

[32meth_chainId[0m
[32meth_getCode[0m
[32meth_chainId[0m
[32meth_call[0m
  WARNING: Calling an account which is not a contract
  From:                0xf39fd6e51aad88f6f4ce6ab8827279cfffb92266
  To:                  0x2279b7a0a67db372996a5fab50d91eaa73d2ebe6

[32meth_chainId[0m
[32meth_getCode[0m
[32meth_getBlockByNumber[0m
[32meth_chainId[0m
[32meth_chainId (2)[0m
[32meth_estimateGas[0m
[32meth_chainId[0m
[32meth_getBlockByNumber[0m
[32meth_feeHistory[0m
[32meth_sendTransaction[0m
  Transaction:         0x438b85a31f2be12d2de7387ea7a0095813c445104357c345df6d5d824d58b3c9
  From:                0xf39fd6e51aad88f6f4ce6ab8827279cfffb92266
  To:                  0x2279b7a0a67db372996a5fab50d91eaa73d2ebe6
  Value:               0 ETH
  Gas used:            24112 of 124113
  Block #4:            0x8ee4944693cb3922ced6d75776659ce8510e83bcc785590871c647d5a26057fd

[32meth_chainId[0m
[32meth_getTransactionReceipt[0m
[32meth_chainId[0m
[32meth_call[0m
  WARNING: Calling an account which is not a contract
  From:                0xf39fd6e51aad88f6f4ce6ab8827279cfffb92266
  To:                  0x2279b7a0a67db372996a5fab50d91eaa73d2ebe6

[32meth_chainId[0m
[32meth_getCode[0m
[32meth_chainId[0m
[32meth_call[0m
  WARNING: Calling an account which is not a contract
  From:                0xf39fd6e51aad88f6f4ce6ab8827279cfffb92266
  To:                  0x2279b7a0a67db372996a5fab50d91eaa73d2ebe6

[32meth_chainId[0m
[32meth_getCode[0m
[32meth_chainId[0m
[32meth_call[0m
  WARNING: Calling an account which is not a contract
  From:                0xf39fd6e51aad88f6f4ce6ab8827279cfffb92266
  To:                  0x2279b7a0a67db372996a5fab50d91eaa73d2ebe6

[32meth_chainId[0m
[32meth_getCode[0m
[32meth_chainId[0m
[32meth_call[0m
  WARNING: Calling an account which is not a contract
  From:                0xf39fd6e51aad88f6f4ce6ab8827279cfffb92266
  To:                  0x2279b7a0a67db372996a5fab50d91eaa73d2ebe6

[32meth_chainId[0m
[32meth_getCode[0m
[32meth_chainId[0m
[32meth_call[0m
  WARNING: Calling an account which is not a contract
  From:                0xf39fd6e51aad88f6f4ce6ab8827279cfffb92266
  To:                  0x2279b7a0a67db372996a5fab50d91eaa73d2ebe6

[32meth_chainId[0m
[32meth_getCode[0m
[32meth_chainId[0m
[32meth_call[0m
  WARNING: Calling an account which is not a contract
  From:                0xf39fd6e51aad88f6f4ce6ab8827279cfffb92266
  To:                  0x2279b7a0a67db372996a5fab50d91eaa73d2ebe6

[32meth_chainId[0m
[32meth_getCode[0m
[32meth_chainId[0m
[32meth_call[0m
  WARNING: Calling an account which is not a contract
  From:                0xf39fd6e51aad88f6f4ce6ab8827279cfffb92266
  To:                  0x2279b7a0a67db372996a5fab50d91eaa73d2ebe6

[32meth_chainId[0m
[32meth_getCode[0m
[32meth_chainId[0m
[32meth_call[0m
  WARNING: Calling an account which is not a contract
  From:                0xf39fd6e51aad88f6f4ce6ab8827279cfffb92266
  To:                  0x2279b7a0a67db372996a5fab50d91eaa73d2ebe6

[32meth_chainId[0m
[32meth_getCode[0m
[32meth_chainId[0m
[32meth_call[0m
  WARNING: Calling an account which is not a contract
  From:                0xf39fd6e51aad88f6f4ce6ab8827279cfffb92266
  To:                  0x2279b7a0a67db372996a5fab50d91eaa73d2ebe6

[32meth_chainId[0m
[32meth_getCode[0m
[32meth_chainId[0m
[32meth_call[0m
  WARNING: Calling an account which is not a contract
  From:                0xf39fd6e51aad88f6f4ce6ab8827279cfffb92266
  To:                  0x2279b7a0a67db372996a5fab50d91eaa73d2ebe6

[32meth_chainId[0m
[32meth_getCode[0m
[32meth_chainId[0m
[32meth_call[0m
  WARNING: Calling an account which is not a contract
  From:                0xf39fd6e51aad88f6f4ce6ab8827279cfffb92266
  To:                  0x2279b7a0a67db372996a5fab50d91eaa73d2ebe6

[32meth_chainId[0m
[32meth_getCode[0m
[32meth_chainId[0m
[32meth_call[0m
  WARNING: Calling an account which is not a contract
  From:                0xf39fd6e51aad88f6f4ce6ab8827279cfffb92266
  To:                  0x2279b7a0a67db372996a5fab50d91eaa73d2ebe6

[32meth_chainId[0m
[32meth_getCode[0m
[32meth_chainId[0m
[32meth_call[0m
  WARNING: Calling an account which is not a contract
  From:                0xf39fd6e51aad88f6f4ce6ab8827279cfffb92266
  To:                  0x2279b7a0a67db372996a5fab50d91eaa73d2ebe6

[32meth_chainId[0m
[32meth_getCode[0m
[32meth_chainId[0m
[32meth_call[0m
  WARNING: Calling an account which is not a contract
  From:                0xf39fd6e51aad88f6f4ce6ab8827279cfffb92266
  To:                  0x2279b7a0a67db372996a5fab50d91eaa73d2ebe6

[32meth_chainId[0m
[32meth_getCode[0m
[32meth_chainId[0m
[32meth_call[0m
  WARNING: Calling an account which is not a contract
  From:                0xf39fd6e51aad88f6f4ce6ab8827279cfffb92266
  To:                  0x2279b7a0a67db372996a5fab50d91eaa73d2ebe6

[32meth_chainId[0m
[32meth_getCode[0m
[32meth_chainId[0m
[32meth_call[0m
  WARNING: Calling an account which is not a contract
  From:                0xf39fd6e51aad88f6f4ce6ab8827279cfffb92266
  To:                  0x2279b7a0a67db372996a5fab50d91eaa73d2ebe6

[32meth_chainId[0m
[32meth_getCode[0m
[32meth_chainId[0m
[32meth_call[0m
  WARNING: Calling an account which is not a contract
  From:                0xf39fd6e51aad88f6f4ce6ab8827279cfffb92266
  To:                  0x2279b7a0a67db372996a5fab50d91eaa73d2ebe6

[32meth_chainId[0m
[32meth_getCode[0m
[32meth_chainId[0m
[32meth_call[0m
  WARNING: Calling an account which is not a contract
  From:                0xf39fd6e51aad88f6f4ce6ab8827279cfffb92266
  To:                  0x2279b7a0a67db372996a5fab50d91eaa73d2ebe6

[32meth_chainId[0m
[32meth_getCode[0m
[32meth_chainId[0m
[32meth_call[0m
  WARNING: Calling an account which is not a contract
  From:                0xf39fd6e51aad88f6f4ce6ab8827279cfffb92266
  To:                  0x2279b7a0a67db372996a5fab50d91eaa73d2ebe6

[32meth_chainId[0m
[32meth_getCode[0m
[32meth_chainId[0m
[32meth_call[0m
  WARNING: Calling an account which is not a contract
  From:                0xf39fd6e51aad88f6f4ce6ab8827279cfffb92266
  To:                  0x2279b7a0a67db372996a5fab50d91eaa73d2ebe6

[32meth_chainId[0m
[32meth_getCode[0m
[32meth_chainId[0m
[32meth_call[0m
  WARNING: Calling an account which is not a contract
  From:                0xf39fd6e51aad88f6f4ce6ab8827279cfffb92266
  To:                  0x2279b7a0a67db372996a5fab50d91eaa73d2ebe6

[32meth_chainId[0m
[32meth_getCode[0m
[32meth_chainId[0m
[32meth_call[0m
  WARNING: Calling an account which is not a contract
  From:                0xf39fd6e51aad88f6f4ce6ab8827279cfffb92266
  To:                  0x2279b7a0a67db372996a5fab50d91eaa73d2ebe6

[32meth_chainId[0m
[32meth_getCode[0m
[32meth_chainId[0m
[32meth_call[0m
  WARNING: Calling an account which is not a contract
  From:                0xf39fd6e51aad88f6f4ce6ab8827279cfffb92266
  To:                  0x2279b7a0a67db372996a5fab50d91eaa73d2ebe6

[32meth_chainId[0m
[32meth_getCode[0m
[32meth_chainId[0m
[32meth_call[0m
  WARNING: Calling an account which is not a contract
  From:                0xf39fd6e51aad88f6f4ce6ab8827279cfffb92266
  To:                  0x2279b7a0a67db372996a5fab50d91eaa73d2ebe6

[32meth_chainId[0m
[32meth_getCode[0m
[32meth_chainId[0m
[32meth_call[0m
  WARNING: Calling an account which is not a contract
  From:                0xf39fd6e51aad88f6f4ce6ab8827279cfffb92266
  To:                  0x2279b7a0a67db372996a5fab50d91eaa73d2ebe6

[32meth_chainId[0m
[32meth_getCode[0m
[32meth_chainId[0m
[32meth_call[0m
  WARNING: Calling an account which is not a contract
  From:                0xf39fd6e51aad88f6f4ce6ab8827279cfffb92266
  To:                  0x2279b7a0a67db372996a5fab50d91eaa73d2ebe6

[32meth_chainId[0m
[32meth_getCode[0m
[32meth_chainId[0m
[32meth_call[0m
  WARNING: Calling an account which is not a contract
  From:                0xf39fd6e51aad88f6f4ce6ab8827279cfffb92266
  To:                  0x2279b7a0a67db372996a5fab50d91eaa73d2ebe6

[32meth_chainId[0m
[32meth_getCode[0m
[32meth_chainId[0m
[32meth_call[0m
  WARNING: Calling an account which is not a contract
  From:                0xf39fd6e51aad88f6f4ce6ab8827279cfffb92266
  To:                  0x2279b7a0a67db372996a5fab50d91eaa73d2ebe6

[32meth_chainId[0m
[32meth_getCode[0m
[32meth_chainId[0m
[32meth_call[0m
  WARNING: Calling an account which is not a contract
  From:                0xf39fd6e51aad88f6f4ce6ab8827279cfffb92266
  To:                  0x2279b7a0a67db372996a5fab50d91eaa73d2ebe6

[32meth_chainId[0m
[32meth_getCode[0m
[32meth_chainId[0m
[32meth_call[0m
  WARNING: Calling an account which is not a contract
  From:                0xf39fd6e51aad88f6f4ce6ab8827279cfffb92266
  To:                  0x2279b7a0a67db372996a5fab50d91eaa73d2ebe6

[32meth_chainId[0m
[32meth_getCode[0m
[32meth_chainId[0m
[32meth_call[0m
  WARNING: Calling an account which is not a contract
  From:                0xf39fd6e51aad88f6f4ce6ab8827279cfffb92266
  To:                  0x2279b7a0a67db372996a5fab50d91eaa73d2ebe6

[32meth_chainId[0m
[32meth_getCode[0m
[32meth_getBlockByNumber[0m
[32meth_chainId[0m
[32meth_chainId (2)[0m
[32meth_estimateGas[0m
[32meth_chainId[0m
[32meth_getBlockByNumber[0m
[32meth_feeHistory[0m
[32meth_sendTransaction[0m
  Transaction:         0xab399499cfe6b1c5420d49055e997638c581af8ceeea9cd3652b13d4ac0c73fa
  From:                0xf39fd6e51aad88f6f4ce6ab8827279cfffb92266
  To:                  0x2279b7a0a67db372996a5fab50d91eaa73d2ebe6
  Value:               0 ETH
  Gas used:            24112 of 124113
  Block #5:            0x2bf66a8ad6bd19c7bed041295a9db4bea4a4fe289025857e425955662b78c569

[32meth_chainId[0m
[32meth_getTransactionReceipt[0m
[32meth_chainId[0m
[32meth_call[0m
  WARNING: Calling an account which is not a contract
  From:                0xf39fd6e51aad88f6f4ce6ab8827279cfffb92266
  To:                  0x2279b7a0a67db372996a5fab50d91eaa73d2ebe6

[32meth_chainId[0m
[32meth_getCode[0m
[32meth_chainId[0m
[32meth_call[0m
  WARNING: Calling an account which is not a contract
  From:                0xf39fd6e51aad88f6f4ce6ab8827279cfffb92266
  To:                  0x2279b7a0a67db372996a5fab50d91eaa73d2ebe6

[32meth_chainId[0m
[32meth_getCode[0m
[32meth_chainId[0m
[32meth_call[0m
  WARNING: Calling an account which is not a contract
  From:                0xf39fd6e51aad88f6f4ce6ab8827279cfffb92266
  To:                  0x2279b7a0a67db372996a5fab50d91eaa73d2ebe6

[32meth_chainId[0m
[32meth_getCode[0m
[32meth_chainId[0m
[32meth_call[0m
  WARNING: Calling an account which is not a contract
  From:                0xf39fd6e51aad88f6f4ce6ab8827279cfffb92266
  To:                  0x2279b7a0a67db372996a5fab50d91eaa73d2ebe6

[32meth_chainId[0m
[32meth_getCode[0m
[32meth_accounts[0m
[32mhardhat_metadata[0m
[32mhardhat_metadata (2)[0m
[32mhardhat_metadata (3)[0m
[32mhardhat_metadata (4)[0m
[32mhardhat_metadata (5)[0m
[32mhardhat_metadata (6)[0m
[32mhardhat_metadata (7)[0m
[32mhardhat_metadata (8)[0m
[32mhardhat_metadata (9)[0m
[32mhardhat_metadata (10)[0m
[32mhardhat_metadata (11)[0m
[32mhardhat_metadata (12)[0m
[32mhardhat_metadata (13)[0m
[32mhardhat_metadata (14)[0m
[32mhardhat_metadata (15)[0m
[32mhardhat_metadata (16)[0m
[32mhardhat_metadata (17)[0m
[32mhardhat_metadata (18)[0m
[32mhardhat_metadata (19)[0m
[32mhardhat_metadata (20)[0m
[32meth_blockNumber[0m
[32meth_getBlockByNumber[0m
[32meth_feeHistory[0m
[32meth_sendTransaction[0m
  Contract deployment: Voting
  Contract address:    0x5fc8d32690cc91d4c39d9d3abcbd16989f875707
  Transaction:         0x11eaafdd31cd01aeedacf9f1eb6ac7c14e9282769ef486a83ca2022c7024cadf
  From:                0xf39fd6e51aad88f6f4ce6ab8827279cfffb92266
  Value:               0 ETH
  Gas used:            2198403 of 16777216
  Block #6:            0xc5e6aaf643b94ad15a15e15bcb840ac6919dffb5b39c995dbaf557f81b3007b9

[32meth_getTransactionByHash[0m
[32meth_getTransactionReceipt[0m
[32mweb3_clientVersion[0m
[32meth_accounts[0m
[32meth_accounts (2)[0m
[32meth_chainId[0m
[32meth_call[0m
  WARNING: Calling an account which is not a contract
  From:                0xf39fd6e51aad88f6f4ce6ab8827279cfffb92266
  To:                  0x2279b7a0a67db372996a5fab50d91eaa73d2ebe6

[32meth_chainId[0m
[32meth_getCode[0m
[32meth_accounts[0m
[32mhardhat_metadata[0m
[32mhardhat_metadata (2)[0m
[32mhardhat_metadata (3)[0m
[32mhardhat_metadata (4)[0m
[32mhardhat_metadata (5)[0m
[32mhardhat_metadata (6)[0m
[32mhardhat_metadata (7)[0m
[32mhardhat_metadata (8)[0m
[32mhardhat_metadata (9)[0m
[32mhardhat_metadata (10)[0m
[32mhardhat_metadata (11)[0m
[32mhardhat_metadata (12)[0m
[32mhardhat_metadata (13)[0m
[32mhardhat_metadata (14)[0m
[32mhardhat_metadata (15)[0m
[32mhardhat_metadata (16)[0m
[32mhardhat_metadata (17)[0m
[32mhardhat_metadata (18)[0m
[32mhardhat_metadata (19)[0m
[32mhardhat_metadata (20)[0m
[32meth_blockNumber[0m
[32meth_getBlockByNumber[0m
[32meth_feeHistory[0m
[32meth_sendTransaction[0m
  Contract deployment: Voting
  Contract address:    0x0165878a594ca255338adfa4d48449f69242eb8f
  Transaction:         0x28d61b3577ca0cb04501008155b5493aaba5667185e9b4ee88753e4694dc0d67
  From:                0xf39fd6e51aad88f6f4ce6ab8827279cfffb92266
  Value:               0 ETH
  Gas used:            2198403 of 16777216
  Block #7:            0xe569dc613e54a2be2b48499762f1aea6728d16fd6d1e74a790390e49dee05c12

[32meth_getTransactionByHash[0m
[32meth_getTransactionReceipt[0m
[32mweb3_clientVersion[0m
[32meth_accounts[0m
[32meth_accounts (2)[0m
[32mweb3_clientVersion[0m
[32meth_blockNumber[0m
[32meth_accounts[0m
[32meth_getCode[0m
[32mweb3_clientVersion[0m
[32meth_getCode[0m
[32meth_chainId[0m
[32meth_call[0m
  Contract call:       Voting#getCandidatesCount
  From:                0xf39fd6e51aad88f6f4ce6ab8827279cfffb92266
  To:                  0x0165878a594ca255338adfa4d48449f69242eb8f

[32meth_chainId[0m
[32meth_accounts[0m
[32mhardhat_metadata[0m
[32mhardhat_metadata (2)[0m
[32mhardhat_metadata (3)[0m
[32mhardhat_metadata (4)[0m
[32mhardhat_metadata (5)[0m
[32mhardhat_metadata (6)[0m
[32mhardhat_metadata (7)[0m
[32mhardhat_metadata (8)[0m
[32mhardhat_metadata (9)[0m
[32mhardhat_metadata (10)[0m
[32mhardhat_metadata (11)[0m
[32mhardhat_metadata (12)[0m
[32mhardhat_metadata (13)[0m
[32mhardhat_metadata (14)[0m
[32mhardhat_metadata (15)[0m
[32mhardhat_metadata (16)[0m
[32mhardhat_metadata (17)[0m
[32mhardhat_metadata (18)[0m
[32mhardhat_metadata (19)[0m
[32mhardhat_metadata (20)[0m
[32meth_blockNumber[0m
[32meth_getBlockByNumber[0m
[32meth_feeHistory[0m
[32meth_sendTransaction[0m
  Contract deployment: Voting
  Contract address:    0xa513e6e4b8f2a923d98304ec87f64353c4d5c853
  Transaction:         0x10cbeb0386875b90238f127c80cf88303a161974a7708a01c91dcc3b2447c7ee
  From:                0xf39fd6e51aad88f6f4ce6ab8827279cfffb92266
  Value:               0 ETH
  Gas used:            2198403 of 16777216
  Block #8:            0xa0c016a7e35020b6eb653b9df83c86e44a0cfb1f50a5863fef10a88231b29f06

[32meth_getTransactionByHash[0m
[32meth_getTransactionReceipt[0m
[32mweb3_clientVersion[0m
[32meth_accounts[0m
[32meth_accounts (2)[0m
[32meth_chainId[0m
[32meth_call[0m
  WARNING: Calling an account which is not a contract
  From:                0xf39fd6e51aad88f6f4ce6ab8827279cfffb92266
  To:                  0x2279b7a0a67db372996a5fab50d91eaa73d2ebe6

[32meth_chainId[0m
[32meth_getCode[0m
[32mweb3_clientVersion[0m
[32meth_accounts[0m
[32meth_accounts (2)[0m
[32mweb3_clientVersion[0m
[32meth_chainId[0m
[32meth_call[0m
  Contract call:       Voting#getCandidatesCount
  From:                0xf39fd6e51aad88f6f4ce6ab8827279cfffb92266
  To:                  0x9fe46736679d2d9a65f0992f2272de9f3c7fa6e0

[32meth_chainId[0m
[32mweb3_clientVersion[0m
[32meth_accounts[0m
[32meth_accounts (2)[0m
[32meth_chainId[0m
[32meth_call[0m
  Contract call:       Voting#electionState
  From:                0xf39fd6e51aad88f6f4ce6ab8827279cfffb92266
  To:                  0x9fe46736679d2d9a65f0992f2272de9f3c7fa6e0

[32meth_chainId[0m
[32meth_accounts[0m
[32mhardhat_metadata[0m
[32mhardhat_metadata (2)[0m
[32mhardhat_metadata (3)[0m
[32mhardhat_metadata (4)[0m
[32mhardhat_metadata (5)[0m
[32mhardhat_metadata (6)[0m
[32mhardhat_metadata (7)[0m
[32mhardhat_metadata (8)[0m
[32mhardhat_metadata (9)[0m
[32mhardhat_metadata (10)[0m
[32mhardhat_metadata (11)[0m
[32mhardhat_metadata (12)[0m
[32mhardhat_metadata (13)[0m
[32mhardhat_metadata (14)[0m
[32mhardhat_metadata (15)[0m
[32mhardhat_metadata (16)[0m
[32mhardhat_metadata (17)[0m
[32mhardhat_metadata (18)[0m
[32mhardhat_metadata (19)[0m
[32mhardhat_metadata (20)[0m
[32meth_blockNumber[0m
[32meth_getBlockByNumber[0m
[32meth_feeHistory[0m
[32meth_sendTransaction[0m
  Contract deployment: Voting
  Contract address:    0x2279b7a0a67db372996a5fab50d91eaa73d2ebe6
  Transaction:         0xc35f1e0c8e125127b9e8ad9c495536d318687b08e64fa16575806f11c5d645b6
  From:                0xf39fd6e51aad88f6f4ce6ab8827279cfffb92266
  Value:               0 ETH
  Gas used:            2198403 of 16777216
  Block #9:            0x503aaed785c02e7760e2805b07fbb5f2ad0fdbeb1af4929b86c949747ba156c5

[32meth_getTransactionByHash[0m
[32meth_getTransactionReceipt[0m
[32mweb3_clientVersion[0m
[32meth_accounts[0m
[32meth_accounts (2)[0m
[32meth_chainId[0m
[32meth_call[0m
  Contract call:       Voting#electionState
  From:                0xf39fd6e51aad88f6f4ce6ab8827279cfffb92266
  To:                  0x2279b7a0a67db372996a5fab50d91eaa73d2ebe6

[32meth_chainId[0m
